2019-10-30 10:04:03,651 INFO 1917 [egg-schedule]: register schedule /home/superman/project/eggjs-demo/node_modules/_egg-multipart@2.9.0@egg-multipart/app/schedule/clean_tmpdir.js
2019-10-30 10:04:03,651 INFO 1917 [egg-schedule]: register schedule /home/superman/project/eggjs-demo/node_modules/_egg-logrotator@3.1.0@egg-logrotator/app/schedule/clean_log.js
2019-10-30 10:04:03,651 INFO 1917 [egg-schedule]: register schedule /home/superman/project/eggjs-demo/node_modules/_egg-logrotator@3.1.0@egg-logrotator/app/schedule/rotate_by_file.js
2019-10-30 10:04:03,897 INFO 1905 [Timer] /home/superman/project/eggjs-demo/node_modules/_egg-multipart@2.9.0@egg-multipart/app/schedule/clean_tmpdir.js next time will execute after 66356105ms at 2019-10-31 04:30:00.002
2019-10-30 10:04:03,897 INFO 1905 [Timer] /home/superman/project/eggjs-demo/node_modules/_egg-logrotator@3.1.0@egg-logrotator/app/schedule/clean_log.js next time will execute after 50156103ms at 2019-10-31 00:00:00.000
2019-10-30 10:04:03,897 INFO 1905 [Timer] /home/superman/project/eggjs-demo/node_modules/_egg-logrotator@3.1.0@egg-logrotator/app/schedule/rotate_by_file.js next time will execute after 50157103ms at 2019-10-31 00:00:01.000
2019-10-30 10:14:02,997 INFO 3365 [egg-schedule]: register schedule /home/superman/project/eggjs-demo/node_modules/_egg-multipart@2.9.0@egg-multipart/app/schedule/clean_tmpdir.js
2019-10-30 10:14:02,997 INFO 3365 [egg-schedule]: register schedule /home/superman/project/eggjs-demo/node_modules/_egg-logrotator@3.1.0@egg-logrotator/app/schedule/clean_log.js
2019-10-30 10:14:02,997 INFO 3365 [egg-schedule]: register schedule /home/superman/project/eggjs-demo/node_modules/_egg-logrotator@3.1.0@egg-logrotator/app/schedule/rotate_by_file.js
2019-10-30 10:14:43,669 INFO 3393 [egg-schedule]: register schedule /home/superman/project/eggjs-demo/node_modules/_egg-multipart@2.9.0@egg-multipart/app/schedule/clean_tmpdir.js
2019-10-30 10:14:43,670 INFO 3393 [egg-schedule]: register schedule /home/superman/project/eggjs-demo/node_modules/_egg-logrotator@3.1.0@egg-logrotator/app/schedule/clean_log.js
2019-10-30 10:14:43,670 INFO 3393 [egg-schedule]: register schedule /home/superman/project/eggjs-demo/node_modules/_egg-logrotator@3.1.0@egg-logrotator/app/schedule/rotate_by_file.js
2019-10-30 10:14:44,653 INFO 3405 [egg-schedule]: register schedule /home/superman/project/eggjs-demo/node_modules/_egg-multipart@2.9.0@egg-multipart/app/schedule/clean_tmpdir.js
2019-10-30 10:14:44,653 INFO 3405 [egg-schedule]: register schedule /home/superman/project/eggjs-demo/node_modules/_egg-logrotator@3.1.0@egg-logrotator/app/schedule/clean_log.js
2019-10-30 10:14:44,653 INFO 3405 [egg-schedule]: register schedule /home/superman/project/eggjs-demo/node_modules/_egg-logrotator@3.1.0@egg-logrotator/app/schedule/rotate_by_file.js
2019-10-30 10:14:54,080 INFO 3426 [egg-schedule]: register schedule /home/superman/project/eggjs-demo/node_modules/_egg-multipart@2.9.0@egg-multipart/app/schedule/clean_tmpdir.js
2019-10-30 10:14:54,080 INFO 3426 [egg-schedule]: register schedule /home/superman/project/eggjs-demo/node_modules/_egg-logrotator@3.1.0@egg-logrotator/app/schedule/clean_log.js
2019-10-30 10:14:54,080 INFO 3426 [egg-schedule]: register schedule /home/superman/project/eggjs-demo/node_modules/_egg-logrotator@3.1.0@egg-logrotator/app/schedule/rotate_by_file.js
2019-10-30 10:14:54,764 INFO 3437 [egg-schedule]: register schedule /home/superman/project/eggjs-demo/node_modules/_egg-multipart@2.9.0@egg-multipart/app/schedule/clean_tmpdir.js
2019-10-30 10:14:54,764 INFO 3437 [egg-schedule]: register schedule /home/superman/project/eggjs-demo/node_modules/_egg-logrotator@3.1.0@egg-logrotator/app/schedule/clean_log.js
2019-10-30 10:14:54,764 INFO 3437 [egg-schedule]: register schedule /home/superman/project/eggjs-demo/node_modules/_egg-logrotator@3.1.0@egg-logrotator/app/schedule/rotate_by_file.js
2019-10-30 10:15:08,571 INFO 3449 [egg-schedule]: register schedule /home/superman/project/eggjs-demo/node_modules/_egg-multipart@2.9.0@egg-multipart/app/schedule/clean_tmpdir.js
2019-10-30 10:15:08,571 INFO 3449 [egg-schedule]: register schedule /home/superman/project/eggjs-demo/node_modules/_egg-logrotator@3.1.0@egg-logrotator/app/schedule/clean_log.js
2019-10-30 10:15:08,571 INFO 3449 [egg-schedule]: register schedule /home/superman/project/eggjs-demo/node_modules/_egg-logrotator@3.1.0@egg-logrotator/app/schedule/rotate_by_file.js
2019-10-30 10:15:09,150 INFO 3460 [egg-schedule]: register schedule /home/superman/project/eggjs-demo/node_modules/_egg-multipart@2.9.0@egg-multipart/app/schedule/clean_tmpdir.js
2019-10-30 10:15:09,150 INFO 3460 [egg-schedule]: register schedule /home/superman/project/eggjs-demo/node_modules/_egg-logrotator@3.1.0@egg-logrotator/app/schedule/clean_log.js
2019-10-30 10:15:09,150 INFO 3460 [egg-schedule]: register schedule /home/superman/project/eggjs-demo/node_modules/_egg-logrotator@3.1.0@egg-logrotator/app/schedule/rotate_by_file.js
2019-10-30 10:17:42,971 INFO 3820 [Timer] /home/superman/project/eggjs-demo/node_modules/_egg-multipart@2.9.0@egg-multipart/app/schedule/clean_tmpdir.js next time will execute after 65537034ms at 2019-10-31 04:30:00.005
2019-10-30 10:17:42,972 INFO 3820 [Timer] /home/superman/project/eggjs-demo/node_modules/_egg-logrotator@3.1.0@egg-logrotator/app/schedule/clean_log.js next time will execute after 49337029ms at 2019-10-31 00:00:00.000
2019-10-30 10:17:42,972 INFO 3820 [Timer] /home/superman/project/eggjs-demo/node_modules/_egg-logrotator@3.1.0@egg-logrotator/app/schedule/rotate_by_file.js next time will execute after 49338028ms at 2019-10-31 00:00:01.000
2019-10-30 10:17:42,772 INFO 3832 [egg-schedule]: register schedule /home/superman/project/eggjs-demo/node_modules/_egg-multipart@2.9.0@egg-multipart/app/schedule/clean_tmpdir.js
2019-10-30 10:17:42,772 INFO 3832 [egg-schedule]: register schedule /home/superman/project/eggjs-demo/node_modules/_egg-logrotator@3.1.0@egg-logrotator/app/schedule/clean_log.js
2019-10-30 10:17:42,772 INFO 3832 [egg-schedule]: register schedule /home/superman/project/eggjs-demo/node_modules/_egg-logrotator@3.1.0@egg-logrotator/app/schedule/rotate_by_file.js
2019-10-30 10:20:40,526 INFO 3946 [egg-schedule]: register schedule /home/superman/project/eggjs-demo/node_modules/_egg-multipart@2.9.0@egg-multipart/app/schedule/clean_tmpdir.js
2019-10-30 10:20:40,526 INFO 3946 [egg-schedule]: register schedule /home/superman/project/eggjs-demo/node_modules/_egg-logrotator@3.1.0@egg-logrotator/app/schedule/clean_log.js
2019-10-30 10:20:40,526 INFO 3946 [egg-schedule]: register schedule /home/superman/project/eggjs-demo/node_modules/_egg-logrotator@3.1.0@egg-logrotator/app/schedule/rotate_by_file.js
2019-10-30 10:20:41,088 INFO 3957 [egg-schedule]: register schedule /home/superman/project/eggjs-demo/node_modules/_egg-multipart@2.9.0@egg-multipart/app/schedule/clean_tmpdir.js
2019-10-30 10:20:41,088 INFO 3957 [egg-schedule]: register schedule /home/superman/project/eggjs-demo/node_modules/_egg-logrotator@3.1.0@egg-logrotator/app/schedule/clean_log.js
2019-10-30 10:20:41,088 INFO 3957 [egg-schedule]: register schedule /home/superman/project/eggjs-demo/node_modules/_egg-logrotator@3.1.0@egg-logrotator/app/schedule/rotate_by_file.js
2019-10-30 10:22:52,569 INFO 4110 [egg-schedule]: register schedule /home/superman/project/eggjs-demo/node_modules/_egg-multipart@2.9.0@egg-multipart/app/schedule/clean_tmpdir.js
2019-10-30 10:22:52,569 INFO 4110 [egg-schedule]: register schedule /home/superman/project/eggjs-demo/node_modules/_egg-logrotator@3.1.0@egg-logrotator/app/schedule/clean_log.js
2019-10-30 10:22:52,569 INFO 4110 [egg-schedule]: register schedule /home/superman/project/eggjs-demo/node_modules/_egg-logrotator@3.1.0@egg-logrotator/app/schedule/rotate_by_file.js
2019-10-30 10:22:53,540 INFO 4121 [egg-schedule]: register schedule /home/superman/project/eggjs-demo/node_modules/_egg-multipart@2.9.0@egg-multipart/app/schedule/clean_tmpdir.js
2019-10-30 10:22:53,540 INFO 4121 [egg-schedule]: register schedule /home/superman/project/eggjs-demo/node_modules/_egg-logrotator@3.1.0@egg-logrotator/app/schedule/clean_log.js
2019-10-30 10:22:53,540 INFO 4121 [egg-schedule]: register schedule /home/superman/project/eggjs-demo/node_modules/_egg-logrotator@3.1.0@egg-logrotator/app/schedule/rotate_by_file.js
2019-10-30 10:23:04,302 INFO 4193 [egg-schedule]: register schedule /home/superman/project/eggjs-demo/node_modules/_egg-multipart@2.9.0@egg-multipart/app/schedule/clean_tmpdir.js
2019-10-30 10:23:04,302 INFO 4193 [egg-schedule]: register schedule /home/superman/project/eggjs-demo/node_modules/_egg-logrotator@3.1.0@egg-logrotator/app/schedule/clean_log.js
2019-10-30 10:23:04,303 INFO 4193 [egg-schedule]: register schedule /home/superman/project/eggjs-demo/node_modules/_egg-logrotator@3.1.0@egg-logrotator/app/schedule/rotate_by_file.js
2019-10-30 10:23:04,615 INFO 4182 [Timer] /home/superman/project/eggjs-demo/node_modules/_egg-multipart@2.9.0@egg-multipart/app/schedule/clean_tmpdir.js next time will execute after 65215391ms at 2019-10-31 04:30:00.006
2019-10-30 10:23:04,617 INFO 4182 [Timer] /home/superman/project/eggjs-demo/node_modules/_egg-logrotator@3.1.0@egg-logrotator/app/schedule/clean_log.js next time will execute after 49015384ms at 2019-10-31 00:00:00.001
2019-10-30 10:23:04,618 INFO 4182 [Timer] /home/superman/project/eggjs-demo/node_modules/_egg-logrotator@3.1.0@egg-logrotator/app/schedule/rotate_by_file.js next time will execute after 49016383ms at 2019-10-31 00:00:01.001
2019-10-30 10:42:51,566 INFO 4987 [egg-schedule]: register schedule /home/superman/project/eggjs-demo/node_modules/_egg-multipart@2.9.0@egg-multipart/app/schedule/clean_tmpdir.js
2019-10-30 10:42:51,566 INFO 4987 [egg-schedule]: register schedule /home/superman/project/eggjs-demo/node_modules/_egg-logrotator@3.1.0@egg-logrotator/app/schedule/clean_log.js
2019-10-30 10:42:51,566 INFO 4987 [egg-schedule]: register schedule /home/superman/project/eggjs-demo/node_modules/_egg-logrotator@3.1.0@egg-logrotator/app/schedule/rotate_by_file.js
2019-10-30 10:44:58,923 INFO 5047 [egg-schedule]: register schedule /home/superman/project/eggjs-demo/node_modules/_egg-multipart@2.9.0@egg-multipart/app/schedule/clean_tmpdir.js
2019-10-30 10:44:58,923 INFO 5047 [egg-schedule]: register schedule /home/superman/project/eggjs-demo/node_modules/_egg-logrotator@3.1.0@egg-logrotator/app/schedule/clean_log.js
2019-10-30 10:44:58,923 INFO 5047 [egg-schedule]: register schedule /home/superman/project/eggjs-demo/node_modules/_egg-logrotator@3.1.0@egg-logrotator/app/schedule/rotate_by_file.js
2019-10-30 10:44:59,567 INFO 5058 [egg-schedule]: register schedule /home/superman/project/eggjs-demo/node_modules/_egg-multipart@2.9.0@egg-multipart/app/schedule/clean_tmpdir.js
2019-10-30 10:44:59,567 INFO 5058 [egg-schedule]: register schedule /home/superman/project/eggjs-demo/node_modules/_egg-logrotator@3.1.0@egg-logrotator/app/schedule/clean_log.js
2019-10-30 10:44:59,567 INFO 5058 [egg-schedule]: register schedule /home/superman/project/eggjs-demo/node_modules/_egg-logrotator@3.1.0@egg-logrotator/app/schedule/rotate_by_file.js
2019-10-30 11:29:37,430 INFO 6692 [Timer] /home/superman/project/eggjs-demo/node_modules/_egg-multipart@2.9.0@egg-multipart/app/schedule/clean_tmpdir.js next time will execute after 61222573ms at 2019-10-31 04:30:00.003
2019-10-30 11:29:37,430 INFO 6692 [Timer] /home/superman/project/eggjs-demo/node_modules/_egg-logrotator@3.1.0@egg-logrotator/app/schedule/clean_log.js next time will execute after 45022570ms at 2019-10-31 00:00:00.000
2019-10-30 11:29:37,431 INFO 6692 [Timer] /home/superman/project/eggjs-demo/node_modules/_egg-logrotator@3.1.0@egg-logrotator/app/schedule/rotate_by_file.js next time will execute after 45023570ms at 2019-10-31 00:00:01.001
2019-10-30 11:29:37,167 INFO 6703 [egg-schedule]: register schedule /home/superman/project/eggjs-demo/node_modules/_egg-multipart@2.9.0@egg-multipart/app/schedule/clean_tmpdir.js
2019-10-30 11:29:37,167 INFO 6703 [egg-schedule]: register schedule /home/superman/project/eggjs-demo/node_modules/_egg-logrotator@3.1.0@egg-logrotator/app/schedule/clean_log.js
2019-10-30 11:29:37,167 INFO 6703 [egg-schedule]: register schedule /home/superman/project/eggjs-demo/node_modules/_egg-logrotator@3.1.0@egg-logrotator/app/schedule/rotate_by_file.js
2019-10-30 11:30:18,765 INFO 6743 [egg-schedule]: register schedule /home/superman/project/eggjs-demo/node_modules/_egg-multipart@2.9.0@egg-multipart/app/schedule/clean_tmpdir.js
2019-10-30 11:30:18,765 INFO 6743 [egg-schedule]: register schedule /home/superman/project/eggjs-demo/node_modules/_egg-logrotator@3.1.0@egg-logrotator/app/schedule/clean_log.js
2019-10-30 11:30:18,765 INFO 6743 [egg-schedule]: register schedule /home/superman/project/eggjs-demo/node_modules/_egg-logrotator@3.1.0@egg-logrotator/app/schedule/rotate_by_file.js
2019-10-30 11:30:19,333 INFO 6754 [egg-schedule]: register schedule /home/superman/project/eggjs-demo/node_modules/_egg-multipart@2.9.0@egg-multipart/app/schedule/clean_tmpdir.js
2019-10-30 11:30:19,333 INFO 6754 [egg-schedule]: register schedule /home/superman/project/eggjs-demo/node_modules/_egg-logrotator@3.1.0@egg-logrotator/app/schedule/clean_log.js
2019-10-30 11:30:19,333 INFO 6754 [egg-schedule]: register schedule /home/superman/project/eggjs-demo/node_modules/_egg-logrotator@3.1.0@egg-logrotator/app/schedule/rotate_by_file.js
2019-10-30 11:30:40,611 INFO 6767 [egg-schedule]: register schedule /home/superman/project/eggjs-demo/node_modules/_egg-multipart@2.9.0@egg-multipart/app/schedule/clean_tmpdir.js
2019-10-30 11:30:40,611 INFO 6767 [egg-schedule]: register schedule /home/superman/project/eggjs-demo/node_modules/_egg-logrotator@3.1.0@egg-logrotator/app/schedule/clean_log.js
2019-10-30 11:30:40,611 INFO 6767 [egg-schedule]: register schedule /home/superman/project/eggjs-demo/node_modules/_egg-logrotator@3.1.0@egg-logrotator/app/schedule/rotate_by_file.js
2019-10-30 11:30:41,182 INFO 6778 [egg-schedule]: register schedule /home/superman/project/eggjs-demo/node_modules/_egg-multipart@2.9.0@egg-multipart/app/schedule/clean_tmpdir.js
2019-10-30 11:30:41,182 INFO 6778 [egg-schedule]: register schedule /home/superman/project/eggjs-demo/node_modules/_egg-logrotator@3.1.0@egg-logrotator/app/schedule/clean_log.js
2019-10-30 11:30:41,182 INFO 6778 [egg-schedule]: register schedule /home/superman/project/eggjs-demo/node_modules/_egg-logrotator@3.1.0@egg-logrotator/app/schedule/rotate_by_file.js
2019-10-30 11:36:44,618 INFO 7128 [egg-schedule]: register schedule /home/superman/project/eggjs-demo/node_modules/_egg-multipart@2.9.0@egg-multipart/app/schedule/clean_tmpdir.js
2019-10-30 11:36:44,618 INFO 7128 [egg-schedule]: register schedule /home/superman/project/eggjs-demo/node_modules/_egg-logrotator@3.1.0@egg-logrotator/app/schedule/clean_log.js
2019-10-30 11:36:44,618 INFO 7128 [egg-schedule]: register schedule /home/superman/project/eggjs-demo/node_modules/_egg-logrotator@3.1.0@egg-logrotator/app/schedule/rotate_by_file.js
2019-10-30 11:36:45,243 INFO 7139 [egg-schedule]: register schedule /home/superman/project/eggjs-demo/node_modules/_egg-multipart@2.9.0@egg-multipart/app/schedule/clean_tmpdir.js
2019-10-30 11:36:45,243 INFO 7139 [egg-schedule]: register schedule /home/superman/project/eggjs-demo/node_modules/_egg-logrotator@3.1.0@egg-logrotator/app/schedule/clean_log.js
2019-10-30 11:36:45,243 INFO 7139 [egg-schedule]: register schedule /home/superman/project/eggjs-demo/node_modules/_egg-logrotator@3.1.0@egg-logrotator/app/schedule/rotate_by_file.js
2019-10-30 11:39:15,108 INFO 7216 [egg-schedule]: register schedule /home/superman/project/eggjs-demo/node_modules/_egg-multipart@2.9.0@egg-multipart/app/schedule/clean_tmpdir.js
2019-10-30 11:39:15,108 INFO 7216 [egg-schedule]: register schedule /home/superman/project/eggjs-demo/node_modules/_egg-logrotator@3.1.0@egg-logrotator/app/schedule/clean_log.js
2019-10-30 11:39:15,108 INFO 7216 [egg-schedule]: register schedule /home/superman/project/eggjs-demo/node_modules/_egg-logrotator@3.1.0@egg-logrotator/app/schedule/rotate_by_file.js
2019-10-30 11:39:15,675 INFO 7227 [egg-schedule]: register schedule /home/superman/project/eggjs-demo/node_modules/_egg-multipart@2.9.0@egg-multipart/app/schedule/clean_tmpdir.js
2019-10-30 11:39:15,675 INFO 7227 [egg-schedule]: register schedule /home/superman/project/eggjs-demo/node_modules/_egg-logrotator@3.1.0@egg-logrotator/app/schedule/clean_log.js
2019-10-30 11:39:15,675 INFO 7227 [egg-schedule]: register schedule /home/superman/project/eggjs-demo/node_modules/_egg-logrotator@3.1.0@egg-logrotator/app/schedule/rotate_by_file.js
2019-10-30 11:40:11,930 INFO 7260 [egg-schedule]: register schedule /home/superman/project/eggjs-demo/node_modules/_egg-multipart@2.9.0@egg-multipart/app/schedule/clean_tmpdir.js
2019-10-30 11:40:11,930 INFO 7260 [egg-schedule]: register schedule /home/superman/project/eggjs-demo/node_modules/_egg-logrotator@3.1.0@egg-logrotator/app/schedule/clean_log.js
2019-10-30 11:40:11,930 INFO 7260 [egg-schedule]: register schedule /home/superman/project/eggjs-demo/node_modules/_egg-logrotator@3.1.0@egg-logrotator/app/schedule/rotate_by_file.js
2019-10-30 11:40:12,623 INFO 7271 [egg-schedule]: register schedule /home/superman/project/eggjs-demo/node_modules/_egg-multipart@2.9.0@egg-multipart/app/schedule/clean_tmpdir.js
2019-10-30 11:40:12,623 INFO 7271 [egg-schedule]: register schedule /home/superman/project/eggjs-demo/node_modules/_egg-logrotator@3.1.0@egg-logrotator/app/schedule/clean_log.js
2019-10-30 11:40:12,623 INFO 7271 [egg-schedule]: register schedule /home/superman/project/eggjs-demo/node_modules/_egg-logrotator@3.1.0@egg-logrotator/app/schedule/rotate_by_file.js
2019-10-30 11:40:33,819 INFO 7291 [egg-schedule]: register schedule /home/superman/project/eggjs-demo/node_modules/_egg-multipart@2.9.0@egg-multipart/app/schedule/clean_tmpdir.js
2019-10-30 11:40:33,819 INFO 7291 [egg-schedule]: register schedule /home/superman/project/eggjs-demo/node_modules/_egg-logrotator@3.1.0@egg-logrotator/app/schedule/clean_log.js
2019-10-30 11:40:33,819 INFO 7291 [egg-schedule]: register schedule /home/superman/project/eggjs-demo/node_modules/_egg-logrotator@3.1.0@egg-logrotator/app/schedule/rotate_by_file.js
2019-10-30 11:40:34,398 INFO 7302 [egg-schedule]: register schedule /home/superman/project/eggjs-demo/node_modules/_egg-multipart@2.9.0@egg-multipart/app/schedule/clean_tmpdir.js
2019-10-30 11:40:34,398 INFO 7302 [egg-schedule]: register schedule /home/superman/project/eggjs-demo/node_modules/_egg-logrotator@3.1.0@egg-logrotator/app/schedule/clean_log.js
2019-10-30 11:40:34,398 INFO 7302 [egg-schedule]: register schedule /home/superman/project/eggjs-demo/node_modules/_egg-logrotator@3.1.0@egg-logrotator/app/schedule/rotate_by_file.js
2019-10-30 11:41:04,944 INFO 7370 [Timer] /home/superman/project/eggjs-demo/node_modules/_egg-multipart@2.9.0@egg-multipart/app/schedule/clean_tmpdir.js next time will execute after 60535062ms at 2019-10-31 04:30:00.005
2019-10-30 11:41:04,944 INFO 7370 [Timer] /home/superman/project/eggjs-demo/node_modules/_egg-logrotator@3.1.0@egg-logrotator/app/schedule/clean_log.js next time will execute after 44335056ms at 2019-10-31 00:00:00.000
2019-10-30 11:41:04,945 INFO 7370 [Timer] /home/superman/project/eggjs-demo/node_modules/_egg-logrotator@3.1.0@egg-logrotator/app/schedule/rotate_by_file.js next time will execute after 44336056ms at 2019-10-31 00:00:01.001
2019-10-30 11:41:04,734 INFO 7381 [egg-schedule]: register schedule /home/superman/project/eggjs-demo/node_modules/_egg-multipart@2.9.0@egg-multipart/app/schedule/clean_tmpdir.js
2019-10-30 11:41:04,734 INFO 7381 [egg-schedule]: register schedule /home/superman/project/eggjs-demo/node_modules/_egg-logrotator@3.1.0@egg-logrotator/app/schedule/clean_log.js
2019-10-30 11:41:04,734 INFO 7381 [egg-schedule]: register schedule /home/superman/project/eggjs-demo/node_modules/_egg-logrotator@3.1.0@egg-logrotator/app/schedule/rotate_by_file.js
2019-10-30 11:41:33,025 INFO 7410 [egg-schedule]: register schedule /home/superman/project/eggjs-demo/node_modules/_egg-multipart@2.9.0@egg-multipart/app/schedule/clean_tmpdir.js
2019-10-30 11:41:33,025 INFO 7410 [egg-schedule]: register schedule /home/superman/project/eggjs-demo/node_modules/_egg-logrotator@3.1.0@egg-logrotator/app/schedule/clean_log.js
2019-10-30 11:41:33,025 INFO 7410 [egg-schedule]: register schedule /home/superman/project/eggjs-demo/node_modules/_egg-logrotator@3.1.0@egg-logrotator/app/schedule/rotate_by_file.js
2019-10-30 11:41:33,778 INFO 7421 [egg-schedule]: register schedule /home/superman/project/eggjs-demo/node_modules/_egg-multipart@2.9.0@egg-multipart/app/schedule/clean_tmpdir.js
2019-10-30 11:41:33,778 INFO 7421 [egg-schedule]: register schedule /home/superman/project/eggjs-demo/node_modules/_egg-logrotator@3.1.0@egg-logrotator/app/schedule/clean_log.js
2019-10-30 11:41:33,778 INFO 7421 [egg-schedule]: register schedule /home/superman/project/eggjs-demo/node_modules/_egg-logrotator@3.1.0@egg-logrotator/app/schedule/rotate_by_file.js
2019-10-30 11:43:31,098 INFO 7479 [egg-schedule]: register schedule /home/superman/project/eggjs-demo/node_modules/_egg-multipart@2.9.0@egg-multipart/app/schedule/clean_tmpdir.js
2019-10-30 11:43:31,098 INFO 7479 [egg-schedule]: register schedule /home/superman/project/eggjs-demo/node_modules/_egg-logrotator@3.1.0@egg-logrotator/app/schedule/clean_log.js
2019-10-30 11:43:31,098 INFO 7479 [egg-schedule]: register schedule /home/superman/project/eggjs-demo/node_modules/_egg-logrotator@3.1.0@egg-logrotator/app/schedule/rotate_by_file.js
2019-10-30 11:43:31,663 INFO 7490 [egg-schedule]: register schedule /home/superman/project/eggjs-demo/node_modules/_egg-multipart@2.9.0@egg-multipart/app/schedule/clean_tmpdir.js
2019-10-30 11:43:31,663 INFO 7490 [egg-schedule]: register schedule /home/superman/project/eggjs-demo/node_modules/_egg-logrotator@3.1.0@egg-logrotator/app/schedule/clean_log.js
2019-10-30 11:43:31,663 INFO 7490 [egg-schedule]: register schedule /home/superman/project/eggjs-demo/node_modules/_egg-logrotator@3.1.0@egg-logrotator/app/schedule/rotate_by_file.js
2019-10-30 11:44:03,746 INFO 7514 [egg-schedule]: register schedule /home/superman/project/eggjs-demo/node_modules/_egg-multipart@2.9.0@egg-multipart/app/schedule/clean_tmpdir.js
2019-10-30 11:44:03,746 INFO 7514 [egg-schedule]: register schedule /home/superman/project/eggjs-demo/node_modules/_egg-logrotator@3.1.0@egg-logrotator/app/schedule/clean_log.js
2019-10-30 11:44:03,746 INFO 7514 [egg-schedule]: register schedule /home/superman/project/eggjs-demo/node_modules/_egg-logrotator@3.1.0@egg-logrotator/app/schedule/rotate_by_file.js
2019-10-30 11:44:04,312 INFO 7526 [egg-schedule]: register schedule /home/superman/project/eggjs-demo/node_modules/_egg-multipart@2.9.0@egg-multipart/app/schedule/clean_tmpdir.js
2019-10-30 11:44:04,312 INFO 7526 [egg-schedule]: register schedule /home/superman/project/eggjs-demo/node_modules/_egg-logrotator@3.1.0@egg-logrotator/app/schedule/clean_log.js
2019-10-30 11:44:04,312 INFO 7526 [egg-schedule]: register schedule /home/superman/project/eggjs-demo/node_modules/_egg-logrotator@3.1.0@egg-logrotator/app/schedule/rotate_by_file.js
2019-10-30 11:44:29,523 INFO 7546 [egg-schedule]: register schedule /home/superman/project/eggjs-demo/node_modules/_egg-multipart@2.9.0@egg-multipart/app/schedule/clean_tmpdir.js
2019-10-30 11:44:29,523 INFO 7546 [egg-schedule]: register schedule /home/superman/project/eggjs-demo/node_modules/_egg-logrotator@3.1.0@egg-logrotator/app/schedule/clean_log.js
2019-10-30 11:44:29,523 INFO 7546 [egg-schedule]: register schedule /home/superman/project/eggjs-demo/node_modules/_egg-logrotator@3.1.0@egg-logrotator/app/schedule/rotate_by_file.js
2019-10-30 11:44:30,179 INFO 7557 [egg-schedule]: register schedule /home/superman/project/eggjs-demo/node_modules/_egg-multipart@2.9.0@egg-multipart/app/schedule/clean_tmpdir.js
2019-10-30 11:44:30,179 INFO 7557 [egg-schedule]: register schedule /home/superman/project/eggjs-demo/node_modules/_egg-logrotator@3.1.0@egg-logrotator/app/schedule/clean_log.js
2019-10-30 11:44:30,179 INFO 7557 [egg-schedule]: register schedule /home/superman/project/eggjs-demo/node_modules/_egg-logrotator@3.1.0@egg-logrotator/app/schedule/rotate_by_file.js
2019-10-30 11:47:19,013 INFO 7704 [egg-schedule]: register schedule /home/superman/project/eggjs-demo/node_modules/_egg-multipart@2.9.0@egg-multipart/app/schedule/clean_tmpdir.js
2019-10-30 11:47:19,013 INFO 7704 [egg-schedule]: register schedule /home/superman/project/eggjs-demo/node_modules/_egg-logrotator@3.1.0@egg-logrotator/app/schedule/clean_log.js
2019-10-30 11:47:19,013 INFO 7704 [egg-schedule]: register schedule /home/superman/project/eggjs-demo/node_modules/_egg-logrotator@3.1.0@egg-logrotator/app/schedule/rotate_by_file.js
2019-10-30 11:48:10,928 INFO 7749 [egg-schedule]: register schedule /home/superman/project/eggjs-demo/node_modules/_egg-multipart@2.9.0@egg-multipart/app/schedule/clean_tmpdir.js
2019-10-30 11:48:10,928 INFO 7749 [egg-schedule]: register schedule /home/superman/project/eggjs-demo/node_modules/_egg-logrotator@3.1.0@egg-logrotator/app/schedule/clean_log.js
2019-10-30 11:48:10,928 INFO 7749 [egg-schedule]: register schedule /home/superman/project/eggjs-demo/node_modules/_egg-logrotator@3.1.0@egg-logrotator/app/schedule/rotate_by_file.js
2019-10-30 11:48:11,963 INFO 7760 [egg-schedule]: register schedule /home/superman/project/eggjs-demo/node_modules/_egg-multipart@2.9.0@egg-multipart/app/schedule/clean_tmpdir.js
2019-10-30 11:48:11,963 INFO 7760 [egg-schedule]: register schedule /home/superman/project/eggjs-demo/node_modules/_egg-logrotator@3.1.0@egg-logrotator/app/schedule/clean_log.js
2019-10-30 11:48:11,964 INFO 7760 [egg-schedule]: register schedule /home/superman/project/eggjs-demo/node_modules/_egg-logrotator@3.1.0@egg-logrotator/app/schedule/rotate_by_file.js
2019-10-30 11:49:10,642 INFO 7800 [egg-schedule]: register schedule /home/superman/project/eggjs-demo/node_modules/_egg-multipart@2.9.0@egg-multipart/app/schedule/clean_tmpdir.js
2019-10-30 11:49:10,642 INFO 7800 [egg-schedule]: register schedule /home/superman/project/eggjs-demo/node_modules/_egg-logrotator@3.1.0@egg-logrotator/app/schedule/clean_log.js
2019-10-30 11:49:10,642 INFO 7800 [egg-schedule]: register schedule /home/superman/project/eggjs-demo/node_modules/_egg-logrotator@3.1.0@egg-logrotator/app/schedule/rotate_by_file.js
2019-10-30 11:49:11,209 INFO 7811 [egg-schedule]: register schedule /home/superman/project/eggjs-demo/node_modules/_egg-multipart@2.9.0@egg-multipart/app/schedule/clean_tmpdir.js
2019-10-30 11:49:11,210 INFO 7811 [egg-schedule]: register schedule /home/superman/project/eggjs-demo/node_modules/_egg-logrotator@3.1.0@egg-logrotator/app/schedule/clean_log.js
2019-10-30 11:49:11,210 INFO 7811 [egg-schedule]: register schedule /home/superman/project/eggjs-demo/node_modules/_egg-logrotator@3.1.0@egg-logrotator/app/schedule/rotate_by_file.js
2019-10-30 11:49:52,469 INFO 7843 [egg-schedule]: register schedule /home/superman/project/eggjs-demo/node_modules/_egg-multipart@2.9.0@egg-multipart/app/schedule/clean_tmpdir.js
2019-10-30 11:49:52,469 INFO 7843 [egg-schedule]: register schedule /home/superman/project/eggjs-demo/node_modules/_egg-logrotator@3.1.0@egg-logrotator/app/schedule/clean_log.js
2019-10-30 11:49:52,469 INFO 7843 [egg-schedule]: register schedule /home/superman/project/eggjs-demo/node_modules/_egg-logrotator@3.1.0@egg-logrotator/app/schedule/rotate_by_file.js
2019-10-30 11:49:53,292 INFO 7856 [egg-schedule]: register schedule /home/superman/project/eggjs-demo/node_modules/_egg-multipart@2.9.0@egg-multipart/app/schedule/clean_tmpdir.js
2019-10-30 11:49:53,292 INFO 7856 [egg-schedule]: register schedule /home/superman/project/eggjs-demo/node_modules/_egg-logrotator@3.1.0@egg-logrotator/app/schedule/clean_log.js
2019-10-30 11:49:53,292 INFO 7856 [egg-schedule]: register schedule /home/superman/project/eggjs-demo/node_modules/_egg-logrotator@3.1.0@egg-logrotator/app/schedule/rotate_by_file.js
2019-10-30 11:52:35,138 INFO 7919 [egg-schedule]: register schedule /home/superman/project/eggjs-demo/node_modules/_egg-multipart@2.9.0@egg-multipart/app/schedule/clean_tmpdir.js
2019-10-30 11:52:35,138 INFO 7919 [egg-schedule]: register schedule /home/superman/project/eggjs-demo/node_modules/_egg-logrotator@3.1.0@egg-logrotator/app/schedule/clean_log.js
2019-10-30 11:52:35,138 INFO 7919 [egg-schedule]: register schedule /home/superman/project/eggjs-demo/node_modules/_egg-logrotator@3.1.0@egg-logrotator/app/schedule/rotate_by_file.js
2019-10-30 11:52:35,708 INFO 7930 [egg-schedule]: register schedule /home/superman/project/eggjs-demo/node_modules/_egg-multipart@2.9.0@egg-multipart/app/schedule/clean_tmpdir.js
2019-10-30 11:52:35,708 INFO 7930 [egg-schedule]: register schedule /home/superman/project/eggjs-demo/node_modules/_egg-logrotator@3.1.0@egg-logrotator/app/schedule/clean_log.js
2019-10-30 11:52:35,708 INFO 7930 [egg-schedule]: register schedule /home/superman/project/eggjs-demo/node_modules/_egg-logrotator@3.1.0@egg-logrotator/app/schedule/rotate_by_file.js
2019-10-30 11:58:30,620 INFO 8114 [egg-schedule]: register schedule /home/superman/project/eggjs-demo/node_modules/_egg-multipart@2.9.0@egg-multipart/app/schedule/clean_tmpdir.js
2019-10-30 11:58:30,620 INFO 8114 [egg-schedule]: register schedule /home/superman/project/eggjs-demo/node_modules/_egg-logrotator@3.1.0@egg-logrotator/app/schedule/clean_log.js
2019-10-30 11:58:30,620 INFO 8114 [egg-schedule]: register schedule /home/superman/project/eggjs-demo/node_modules/_egg-logrotator@3.1.0@egg-logrotator/app/schedule/rotate_by_file.js
2019-10-30 11:58:31,197 INFO 8126 [egg-schedule]: register schedule /home/superman/project/eggjs-demo/node_modules/_egg-multipart@2.9.0@egg-multipart/app/schedule/clean_tmpdir.js
2019-10-30 11:58:31,197 INFO 8126 [egg-schedule]: register schedule /home/superman/project/eggjs-demo/node_modules/_egg-logrotator@3.1.0@egg-logrotator/app/schedule/clean_log.js
2019-10-30 11:58:31,197 INFO 8126 [egg-schedule]: register schedule /home/superman/project/eggjs-demo/node_modules/_egg-logrotator@3.1.0@egg-logrotator/app/schedule/rotate_by_file.js
2019-10-30 11:59:48,335 INFO 8304 [egg-schedule]: register schedule /home/superman/project/eggjs-demo/node_modules/_egg-multipart@2.9.0@egg-multipart/app/schedule/clean_tmpdir.js
2019-10-30 11:59:48,336 INFO 8304 [egg-schedule]: register schedule /home/superman/project/eggjs-demo/node_modules/_egg-logrotator@3.1.0@egg-logrotator/app/schedule/clean_log.js
2019-10-30 11:59:48,336 INFO 8304 [egg-schedule]: register schedule /home/superman/project/eggjs-demo/node_modules/_egg-logrotator@3.1.0@egg-logrotator/app/schedule/rotate_by_file.js
2019-10-30 11:59:48,610 INFO 8293 [Timer] /home/superman/project/eggjs-demo/node_modules/_egg-multipart@2.9.0@egg-multipart/app/schedule/clean_tmpdir.js next time will execute after 59411392ms at 2019-10-31 04:30:00.002
2019-10-30 11:59:48,611 INFO 8293 [Timer] /home/superman/project/eggjs-demo/node_modules/_egg-logrotator@3.1.0@egg-logrotator/app/schedule/clean_log.js next time will execute after 43211390ms at 2019-10-31 00:00:00.001
2019-10-30 11:59:48,611 INFO 8293 [Timer] /home/superman/project/eggjs-demo/node_modules/_egg-logrotator@3.1.0@egg-logrotator/app/schedule/rotate_by_file.js next time will execute after 43212389ms at 2019-10-31 00:00:01.000
2019-10-30 12:04:21,677 INFO 8494 [egg-schedule]: register schedule /home/superman/project/eggjs-demo/node_modules/_egg-multipart@2.9.0@egg-multipart/app/schedule/clean_tmpdir.js
2019-10-30 12:04:21,677 INFO 8494 [egg-schedule]: register schedule /home/superman/project/eggjs-demo/node_modules/_egg-logrotator@3.1.0@egg-logrotator/app/schedule/clean_log.js
2019-10-30 12:04:21,677 INFO 8494 [egg-schedule]: register schedule /home/superman/project/eggjs-demo/node_modules/_egg-logrotator@3.1.0@egg-logrotator/app/schedule/rotate_by_file.js
2019-10-30 12:04:22,257 INFO 8505 [egg-schedule]: register schedule /home/superman/project/eggjs-demo/node_modules/_egg-multipart@2.9.0@egg-multipart/app/schedule/clean_tmpdir.js
2019-10-30 12:04:22,257 INFO 8505 [egg-schedule]: register schedule /home/superman/project/eggjs-demo/node_modules/_egg-logrotator@3.1.0@egg-logrotator/app/schedule/clean_log.js
2019-10-30 12:04:22,257 INFO 8505 [egg-schedule]: register schedule /home/superman/project/eggjs-demo/node_modules/_egg-logrotator@3.1.0@egg-logrotator/app/schedule/rotate_by_file.js
2019-10-30 12:05:59,786 INFO 8562 [egg-schedule]: register schedule /home/superman/project/eggjs-demo/node_modules/_egg-multipart@2.9.0@egg-multipart/app/schedule/clean_tmpdir.js
2019-10-30 12:05:59,786 INFO 8562 [egg-schedule]: register schedule /home/superman/project/eggjs-demo/node_modules/_egg-logrotator@3.1.0@egg-logrotator/app/schedule/clean_log.js
2019-10-30 12:05:59,786 INFO 8562 [egg-schedule]: register schedule /home/superman/project/eggjs-demo/node_modules/_egg-logrotator@3.1.0@egg-logrotator/app/schedule/rotate_by_file.js
2019-10-30 12:06:16,612 INFO 8590 [egg-schedule]: register schedule /home/superman/project/eggjs-demo/node_modules/_egg-multipart@2.9.0@egg-multipart/app/schedule/clean_tmpdir.js
2019-10-30 12:06:16,612 INFO 8590 [egg-schedule]: register schedule /home/superman/project/eggjs-demo/node_modules/_egg-logrotator@3.1.0@egg-logrotator/app/schedule/clean_log.js
2019-10-30 12:06:16,612 INFO 8590 [egg-schedule]: register schedule /home/superman/project/eggjs-demo/node_modules/_egg-logrotator@3.1.0@egg-logrotator/app/schedule/rotate_by_file.js
2019-10-30 12:10:33,887 INFO 9044 [Timer] /home/superman/project/eggjs-demo/node_modules/_egg-multipart@2.9.0@egg-multipart/app/schedule/clean_tmpdir.js next time will execute after 58766116ms at 2019-10-31 04:30:00.002
2019-10-30 12:10:33,888 INFO 9044 [Timer] /home/superman/project/eggjs-demo/node_modules/_egg-logrotator@3.1.0@egg-logrotator/app/schedule/clean_log.js next time will execute after 42566113ms at 2019-10-31 00:00:00.001
2019-10-30 12:10:33,889 INFO 9044 [Timer] /home/superman/project/eggjs-demo/node_modules/_egg-logrotator@3.1.0@egg-logrotator/app/schedule/rotate_by_file.js next time will execute after 42567112ms at 2019-10-31 00:00:01.001
2019-10-30 12:10:33,687 INFO 9055 [egg-schedule]: register schedule /home/superman/project/eggjs-demo/node_modules/_egg-multipart@2.9.0@egg-multipart/app/schedule/clean_tmpdir.js
2019-10-30 12:10:33,687 INFO 9055 [egg-schedule]: register schedule /home/superman/project/eggjs-demo/node_modules/_egg-logrotator@3.1.0@egg-logrotator/app/schedule/clean_log.js
2019-10-30 12:10:33,687 INFO 9055 [egg-schedule]: register schedule /home/superman/project/eggjs-demo/node_modules/_egg-logrotator@3.1.0@egg-logrotator/app/schedule/rotate_by_file.js
2019-10-30 12:14:50,103 INFO 9218 [egg-schedule]: register schedule /home/superman/project/eggjs-demo/node_modules/_egg-multipart@2.9.0@egg-multipart/app/schedule/clean_tmpdir.js
2019-10-30 12:14:50,103 INFO 9218 [egg-schedule]: register schedule /home/superman/project/eggjs-demo/node_modules/_egg-logrotator@3.1.0@egg-logrotator/app/schedule/clean_log.js
2019-10-30 12:14:50,103 INFO 9218 [egg-schedule]: register schedule /home/superman/project/eggjs-demo/node_modules/_egg-logrotator@3.1.0@egg-logrotator/app/schedule/rotate_by_file.js
2019-10-30 12:15:44,750 INFO 9253 [egg-schedule]: register schedule /home/superman/project/eggjs-demo/node_modules/_egg-multipart@2.9.0@egg-multipart/app/schedule/clean_tmpdir.js
2019-10-30 12:15:44,750 INFO 9253 [egg-schedule]: register schedule /home/superman/project/eggjs-demo/node_modules/_egg-logrotator@3.1.0@egg-logrotator/app/schedule/clean_log.js
2019-10-30 12:15:44,750 INFO 9253 [egg-schedule]: register schedule /home/superman/project/eggjs-demo/node_modules/_egg-logrotator@3.1.0@egg-logrotator/app/schedule/rotate_by_file.js
2019-10-30 12:15:45,569 INFO 9268 [egg-schedule]: register schedule /home/superman/project/eggjs-demo/node_modules/_egg-multipart@2.9.0@egg-multipart/app/schedule/clean_tmpdir.js
2019-10-30 12:15:45,569 INFO 9268 [egg-schedule]: register schedule /home/superman/project/eggjs-demo/node_modules/_egg-logrotator@3.1.0@egg-logrotator/app/schedule/clean_log.js
2019-10-30 12:15:45,569 INFO 9268 [egg-schedule]: register schedule /home/superman/project/eggjs-demo/node_modules/_egg-logrotator@3.1.0@egg-logrotator/app/schedule/rotate_by_file.js
2019-10-30 12:15:54,856 INFO 9291 [egg-schedule]: register schedule /home/superman/project/eggjs-demo/node_modules/_egg-multipart@2.9.0@egg-multipart/app/schedule/clean_tmpdir.js
2019-10-30 12:15:54,856 INFO 9291 [egg-schedule]: register schedule /home/superman/project/eggjs-demo/node_modules/_egg-logrotator@3.1.0@egg-logrotator/app/schedule/clean_log.js
2019-10-30 12:15:54,856 INFO 9291 [egg-schedule]: register schedule /home/superman/project/eggjs-demo/node_modules/_egg-logrotator@3.1.0@egg-logrotator/app/schedule/rotate_by_file.js
2019-10-30 12:27:22,434 INFO 9579 [egg-schedule]: register schedule /home/superman/project/eggjs-demo/node_modules/_egg-multipart@2.9.0@egg-multipart/app/schedule/clean_tmpdir.js
2019-10-30 12:27:22,434 INFO 9579 [egg-schedule]: register schedule /home/superman/project/eggjs-demo/node_modules/_egg-logrotator@3.1.0@egg-logrotator/app/schedule/clean_log.js
2019-10-30 12:27:22,434 INFO 9579 [egg-schedule]: register schedule /home/superman/project/eggjs-demo/node_modules/_egg-logrotator@3.1.0@egg-logrotator/app/schedule/rotate_by_file.js
2019-10-30 12:27:22,998 INFO 9591 [egg-schedule]: register schedule /home/superman/project/eggjs-demo/node_modules/_egg-multipart@2.9.0@egg-multipart/app/schedule/clean_tmpdir.js
2019-10-30 12:27:22,998 INFO 9591 [egg-schedule]: register schedule /home/superman/project/eggjs-demo/node_modules/_egg-logrotator@3.1.0@egg-logrotator/app/schedule/clean_log.js
2019-10-30 12:27:22,998 INFO 9591 [egg-schedule]: register schedule /home/superman/project/eggjs-demo/node_modules/_egg-logrotator@3.1.0@egg-logrotator/app/schedule/rotate_by_file.js
2019-10-30 12:30:15,496 INFO 9645 [egg-schedule]: register schedule /home/superman/project/eggjs-demo/node_modules/_egg-multipart@2.9.0@egg-multipart/app/schedule/clean_tmpdir.js
2019-10-30 12:30:15,496 INFO 9645 [egg-schedule]: register schedule /home/superman/project/eggjs-demo/node_modules/_egg-logrotator@3.1.0@egg-logrotator/app/schedule/clean_log.js
2019-10-30 12:30:15,496 INFO 9645 [egg-schedule]: register schedule /home/superman/project/eggjs-demo/node_modules/_egg-logrotator@3.1.0@egg-logrotator/app/schedule/rotate_by_file.js
2019-10-30 12:30:16,312 INFO 9656 [egg-schedule]: register schedule /home/superman/project/eggjs-demo/node_modules/_egg-multipart@2.9.0@egg-multipart/app/schedule/clean_tmpdir.js
2019-10-30 12:30:16,312 INFO 9656 [egg-schedule]: register schedule /home/superman/project/eggjs-demo/node_modules/_egg-logrotator@3.1.0@egg-logrotator/app/schedule/clean_log.js
2019-10-30 12:30:16,312 INFO 9656 [egg-schedule]: register schedule /home/superman/project/eggjs-demo/node_modules/_egg-logrotator@3.1.0@egg-logrotator/app/schedule/rotate_by_file.js
2019-10-30 12:31:41,376 INFO 9692 [egg-schedule]: register schedule /home/superman/project/eggjs-demo/node_modules/_egg-multipart@2.9.0@egg-multipart/app/schedule/clean_tmpdir.js
2019-10-30 12:31:41,376 INFO 9692 [egg-schedule]: register schedule /home/superman/project/eggjs-demo/node_modules/_egg-logrotator@3.1.0@egg-logrotator/app/schedule/clean_log.js
2019-10-30 12:31:41,376 INFO 9692 [egg-schedule]: register schedule /home/superman/project/eggjs-demo/node_modules/_egg-logrotator@3.1.0@egg-logrotator/app/schedule/rotate_by_file.js
2019-10-30 12:31:42,024 INFO 9703 [egg-schedule]: register schedule /home/superman/project/eggjs-demo/node_modules/_egg-multipart@2.9.0@egg-multipart/app/schedule/clean_tmpdir.js
2019-10-30 12:31:42,024 INFO 9703 [egg-schedule]: register schedule /home/superman/project/eggjs-demo/node_modules/_egg-logrotator@3.1.0@egg-logrotator/app/schedule/clean_log.js
2019-10-30 12:31:42,024 INFO 9703 [egg-schedule]: register schedule /home/superman/project/eggjs-demo/node_modules/_egg-logrotator@3.1.0@egg-logrotator/app/schedule/rotate_by_file.js
2019-10-30 12:32:05,258 INFO 9729 [egg-schedule]: register schedule /home/superman/project/eggjs-demo/node_modules/_egg-multipart@2.9.0@egg-multipart/app/schedule/clean_tmpdir.js
2019-10-30 12:32:05,258 INFO 9729 [egg-schedule]: register schedule /home/superman/project/eggjs-demo/node_modules/_egg-logrotator@3.1.0@egg-logrotator/app/schedule/clean_log.js
2019-10-30 12:32:05,258 INFO 9729 [egg-schedule]: register schedule /home/superman/project/eggjs-demo/node_modules/_egg-logrotator@3.1.0@egg-logrotator/app/schedule/rotate_by_file.js
2019-10-30 12:32:06,030 INFO 9740 [egg-schedule]: register schedule /home/superman/project/eggjs-demo/node_modules/_egg-multipart@2.9.0@egg-multipart/app/schedule/clean_tmpdir.js
2019-10-30 12:32:06,030 INFO 9740 [egg-schedule]: register schedule /home/superman/project/eggjs-demo/node_modules/_egg-logrotator@3.1.0@egg-logrotator/app/schedule/clean_log.js
2019-10-30 12:32:06,030 INFO 9740 [egg-schedule]: register schedule /home/superman/project/eggjs-demo/node_modules/_egg-logrotator@3.1.0@egg-logrotator/app/schedule/rotate_by_file.js
2019-10-30 12:41:49,218 INFO 10058 [egg-schedule]: register schedule /home/superman/project/eggjs-demo/node_modules/_egg-multipart@2.9.0@egg-multipart/app/schedule/clean_tmpdir.js
2019-10-30 12:41:49,218 INFO 10058 [egg-schedule]: register schedule /home/superman/project/eggjs-demo/node_modules/_egg-logrotator@3.1.0@egg-logrotator/app/schedule/clean_log.js
2019-10-30 12:41:49,218 INFO 10058 [egg-schedule]: register schedule /home/superman/project/eggjs-demo/node_modules/_egg-logrotator@3.1.0@egg-logrotator/app/schedule/rotate_by_file.js
2019-10-30 12:41:49,788 INFO 10070 [egg-schedule]: register schedule /home/superman/project/eggjs-demo/node_modules/_egg-multipart@2.9.0@egg-multipart/app/schedule/clean_tmpdir.js
2019-10-30 12:41:49,788 INFO 10070 [egg-schedule]: register schedule /home/superman/project/eggjs-demo/node_modules/_egg-logrotator@3.1.0@egg-logrotator/app/schedule/clean_log.js
2019-10-30 12:41:49,788 INFO 10070 [egg-schedule]: register schedule /home/superman/project/eggjs-demo/node_modules/_egg-logrotator@3.1.0@egg-logrotator/app/schedule/rotate_by_file.js
2019-10-30 12:43:57,057 INFO 10146 [egg-schedule]: register schedule /home/superman/project/eggjs-demo/node_modules/_egg-multipart@2.9.0@egg-multipart/app/schedule/clean_tmpdir.js
2019-10-30 12:43:57,057 INFO 10146 [egg-schedule]: register schedule /home/superman/project/eggjs-demo/node_modules/_egg-logrotator@3.1.0@egg-logrotator/app/schedule/clean_log.js
2019-10-30 12:43:57,057 INFO 10146 [egg-schedule]: register schedule /home/superman/project/eggjs-demo/node_modules/_egg-logrotator@3.1.0@egg-logrotator/app/schedule/rotate_by_file.js
2019-10-30 12:51:32,786 INFO 10292 [egg-schedule]: register schedule /home/superman/project/eggjs-demo/node_modules/_egg-multipart@2.9.0@egg-multipart/app/schedule/clean_tmpdir.js
2019-10-30 12:51:32,786 INFO 10292 [egg-schedule]: register schedule /home/superman/project/eggjs-demo/node_modules/_egg-logrotator@3.1.0@egg-logrotator/app/schedule/clean_log.js
2019-10-30 12:51:32,786 INFO 10292 [egg-schedule]: register schedule /home/superman/project/eggjs-demo/node_modules/_egg-logrotator@3.1.0@egg-logrotator/app/schedule/rotate_by_file.js
2019-10-30 12:51:33,360 INFO 10304 [egg-schedule]: register schedule /home/superman/project/eggjs-demo/node_modules/_egg-multipart@2.9.0@egg-multipart/app/schedule/clean_tmpdir.js
2019-10-30 12:51:33,360 INFO 10304 [egg-schedule]: register schedule /home/superman/project/eggjs-demo/node_modules/_egg-logrotator@3.1.0@egg-logrotator/app/schedule/clean_log.js
2019-10-30 12:51:33,360 INFO 10304 [egg-schedule]: register schedule /home/superman/project/eggjs-demo/node_modules/_egg-logrotator@3.1.0@egg-logrotator/app/schedule/rotate_by_file.js
2019-10-30 12:52:09,368 INFO 10335 [egg-schedule]: register schedule /home/superman/project/eggjs-demo/node_modules/_egg-multipart@2.9.0@egg-multipart/app/schedule/clean_tmpdir.js
2019-10-30 12:52:09,368 INFO 10335 [egg-schedule]: register schedule /home/superman/project/eggjs-demo/node_modules/_egg-logrotator@3.1.0@egg-logrotator/app/schedule/clean_log.js
2019-10-30 12:52:09,368 INFO 10335 [egg-schedule]: register schedule /home/superman/project/eggjs-demo/node_modules/_egg-logrotator@3.1.0@egg-logrotator/app/schedule/rotate_by_file.js
2019-10-30 12:52:09,929 INFO 10346 [egg-schedule]: register schedule /home/superman/project/eggjs-demo/node_modules/_egg-multipart@2.9.0@egg-multipart/app/schedule/clean_tmpdir.js
2019-10-30 12:52:09,929 INFO 10346 [egg-schedule]: register schedule /home/superman/project/eggjs-demo/node_modules/_egg-logrotator@3.1.0@egg-logrotator/app/schedule/clean_log.js
2019-10-30 12:52:09,929 INFO 10346 [egg-schedule]: register schedule /home/superman/project/eggjs-demo/node_modules/_egg-logrotator@3.1.0@egg-logrotator/app/schedule/rotate_by_file.js
2019-10-30 13:03:38,750 INFO 10687 [egg-schedule]: register schedule /home/superman/project/eggjs-demo/node_modules/_egg-multipart@2.9.0@egg-multipart/app/schedule/clean_tmpdir.js
2019-10-30 13:03:38,750 INFO 10687 [egg-schedule]: register schedule /home/superman/project/eggjs-demo/node_modules/_egg-logrotator@3.1.0@egg-logrotator/app/schedule/clean_log.js
2019-10-30 13:03:38,750 INFO 10687 [egg-schedule]: register schedule /home/superman/project/eggjs-demo/node_modules/_egg-logrotator@3.1.0@egg-logrotator/app/schedule/rotate_by_file.js
2019-10-30 13:03:39,335 INFO 10699 [egg-schedule]: register schedule /home/superman/project/eggjs-demo/node_modules/_egg-multipart@2.9.0@egg-multipart/app/schedule/clean_tmpdir.js
2019-10-30 13:03:39,335 INFO 10699 [egg-schedule]: register schedule /home/superman/project/eggjs-demo/node_modules/_egg-logrotator@3.1.0@egg-logrotator/app/schedule/clean_log.js
2019-10-30 13:03:39,335 INFO 10699 [egg-schedule]: register schedule /home/superman/project/eggjs-demo/node_modules/_egg-logrotator@3.1.0@egg-logrotator/app/schedule/rotate_by_file.js
2019-10-30 13:28:25,414 INFO 11113 [egg-schedule]: register schedule /home/superman/project/eggjs-demo/node_modules/_egg-multipart@2.9.0@egg-multipart/app/schedule/clean_tmpdir.js
2019-10-30 13:28:25,415 INFO 11113 [egg-schedule]: register schedule /home/superman/project/eggjs-demo/node_modules/_egg-logrotator@3.1.0@egg-logrotator/app/schedule/clean_log.js
2019-10-30 13:28:25,415 INFO 11113 [egg-schedule]: register schedule /home/superman/project/eggjs-demo/node_modules/_egg-logrotator@3.1.0@egg-logrotator/app/schedule/rotate_by_file.js
2019-10-30 13:28:26,160 INFO 11125 [egg-schedule]: register schedule /home/superman/project/eggjs-demo/node_modules/_egg-multipart@2.9.0@egg-multipart/app/schedule/clean_tmpdir.js
2019-10-30 13:28:26,160 INFO 11125 [egg-schedule]: register schedule /home/superman/project/eggjs-demo/node_modules/_egg-logrotator@3.1.0@egg-logrotator/app/schedule/clean_log.js
2019-10-30 13:28:26,160 INFO 11125 [egg-schedule]: register schedule /home/superman/project/eggjs-demo/node_modules/_egg-logrotator@3.1.0@egg-logrotator/app/schedule/rotate_by_file.js
2019-10-30 13:30:47,416 INFO 11203 [egg-schedule]: register schedule /home/superman/project/eggjs-demo/node_modules/_egg-multipart@2.9.0@egg-multipart/app/schedule/clean_tmpdir.js
2019-10-30 13:30:47,416 INFO 11203 [egg-schedule]: register schedule /home/superman/project/eggjs-demo/node_modules/_egg-logrotator@3.1.0@egg-logrotator/app/schedule/clean_log.js
2019-10-30 13:30:47,416 INFO 11203 [egg-schedule]: register schedule /home/superman/project/eggjs-demo/node_modules/_egg-logrotator@3.1.0@egg-logrotator/app/schedule/rotate_by_file.js
2019-10-30 13:30:47,980 INFO 11214 [egg-schedule]: register schedule /home/superman/project/eggjs-demo/node_modules/_egg-multipart@2.9.0@egg-multipart/app/schedule/clean_tmpdir.js
2019-10-30 13:30:47,980 INFO 11214 [egg-schedule]: register schedule /home/superman/project/eggjs-demo/node_modules/_egg-logrotator@3.1.0@egg-logrotator/app/schedule/clean_log.js
2019-10-30 13:30:47,980 INFO 11214 [egg-schedule]: register schedule /home/superman/project/eggjs-demo/node_modules/_egg-logrotator@3.1.0@egg-logrotator/app/schedule/rotate_by_file.js
2019-10-30 13:31:07,729 INFO 11280 [Timer] /home/superman/project/eggjs-demo/node_modules/_egg-multipart@2.9.0@egg-multipart/app/schedule/clean_tmpdir.js next time will execute after 53932274ms at 2019-10-31 04:30:00.002
2019-10-30 13:31:07,730 INFO 11280 [Timer] /home/superman/project/eggjs-demo/node_modules/_egg-logrotator@3.1.0@egg-logrotator/app/schedule/clean_log.js next time will execute after 37732271ms at 2019-10-31 00:00:00.001
2019-10-30 13:31:07,731 INFO 11280 [Timer] /home/superman/project/eggjs-demo/node_modules/_egg-logrotator@3.1.0@egg-logrotator/app/schedule/rotate_by_file.js next time will execute after 37733270ms at 2019-10-31 00:00:01.001
2019-10-30 13:31:07,525 INFO 11291 [egg-schedule]: register schedule /home/superman/project/eggjs-demo/node_modules/_egg-multipart@2.9.0@egg-multipart/app/schedule/clean_tmpdir.js
2019-10-30 13:31:07,525 INFO 11291 [egg-schedule]: register schedule /home/superman/project/eggjs-demo/node_modules/_egg-logrotator@3.1.0@egg-logrotator/app/schedule/clean_log.js
2019-10-30 13:31:07,525 INFO 11291 [egg-schedule]: register schedule /home/superman/project/eggjs-demo/node_modules/_egg-logrotator@3.1.0@egg-logrotator/app/schedule/rotate_by_file.js
2019-10-30 13:36:21,771 INFO 11529 [egg-schedule]: register schedule /home/superman/project/eggjs-demo/node_modules/_egg-multipart@2.9.0@egg-multipart/app/schedule/clean_tmpdir.js
2019-10-30 13:36:21,771 INFO 11529 [egg-schedule]: register schedule /home/superman/project/eggjs-demo/node_modules/_egg-logrotator@3.1.0@egg-logrotator/app/schedule/clean_log.js
2019-10-30 13:36:21,771 INFO 11529 [egg-schedule]: register schedule /home/superman/project/eggjs-demo/node_modules/_egg-logrotator@3.1.0@egg-logrotator/app/schedule/rotate_by_file.js
2019-10-30 13:36:22,350 INFO 11540 [egg-schedule]: register schedule /home/superman/project/eggjs-demo/node_modules/_egg-multipart@2.9.0@egg-multipart/app/schedule/clean_tmpdir.js
2019-10-30 13:36:22,350 INFO 11540 [egg-schedule]: register schedule /home/superman/project/eggjs-demo/node_modules/_egg-logrotator@3.1.0@egg-logrotator/app/schedule/clean_log.js
2019-10-30 13:36:22,350 INFO 11540 [egg-schedule]: register schedule /home/superman/project/eggjs-demo/node_modules/_egg-logrotator@3.1.0@egg-logrotator/app/schedule/rotate_by_file.js
2019-10-30 13:36:47,695 INFO 11561 [egg-schedule]: register schedule /home/superman/project/eggjs-demo/node_modules/_egg-multipart@2.9.0@egg-multipart/app/schedule/clean_tmpdir.js
2019-10-30 13:36:47,695 INFO 11561 [egg-schedule]: register schedule /home/superman/project/eggjs-demo/node_modules/_egg-logrotator@3.1.0@egg-logrotator/app/schedule/clean_log.js
2019-10-30 13:36:47,695 INFO 11561 [egg-schedule]: register schedule /home/superman/project/eggjs-demo/node_modules/_egg-logrotator@3.1.0@egg-logrotator/app/schedule/rotate_by_file.js
2019-10-30 13:36:48,260 INFO 11572 [egg-schedule]: register schedule /home/superman/project/eggjs-demo/node_modules/_egg-multipart@2.9.0@egg-multipart/app/schedule/clean_tmpdir.js
2019-10-30 13:36:48,260 INFO 11572 [egg-schedule]: register schedule /home/superman/project/eggjs-demo/node_modules/_egg-logrotator@3.1.0@egg-logrotator/app/schedule/clean_log.js
2019-10-30 13:36:48,260 INFO 11572 [egg-schedule]: register schedule /home/superman/project/eggjs-demo/node_modules/_egg-logrotator@3.1.0@egg-logrotator/app/schedule/rotate_by_file.js
2019-10-30 13:37:49,749 INFO 11622 [egg-schedule]: register schedule /home/superman/project/eggjs-demo/node_modules/_egg-multipart@2.9.0@egg-multipart/app/schedule/clean_tmpdir.js
2019-10-30 13:37:49,749 INFO 11622 [egg-schedule]: register schedule /home/superman/project/eggjs-demo/node_modules/_egg-logrotator@3.1.0@egg-logrotator/app/schedule/clean_log.js
2019-10-30 13:37:49,749 INFO 11622 [egg-schedule]: register schedule /home/superman/project/eggjs-demo/node_modules/_egg-logrotator@3.1.0@egg-logrotator/app/schedule/rotate_by_file.js
2019-10-30 13:37:50,340 INFO 11633 [egg-schedule]: register schedule /home/superman/project/eggjs-demo/node_modules/_egg-multipart@2.9.0@egg-multipart/app/schedule/clean_tmpdir.js
2019-10-30 13:37:50,340 INFO 11633 [egg-schedule]: register schedule /home/superman/project/eggjs-demo/node_modules/_egg-logrotator@3.1.0@egg-logrotator/app/schedule/clean_log.js
2019-10-30 13:37:50,340 INFO 11633 [egg-schedule]: register schedule /home/superman/project/eggjs-demo/node_modules/_egg-logrotator@3.1.0@egg-logrotator/app/schedule/rotate_by_file.js
2019-10-30 13:42:43,185 INFO 11753 [egg-schedule]: register schedule /home/superman/project/eggjs-demo/node_modules/_egg-multipart@2.9.0@egg-multipart/app/schedule/clean_tmpdir.js
2019-10-30 13:42:43,185 INFO 11753 [egg-schedule]: register schedule /home/superman/project/eggjs-demo/node_modules/_egg-logrotator@3.1.0@egg-logrotator/app/schedule/clean_log.js
2019-10-30 13:42:43,185 INFO 11753 [egg-schedule]: register schedule /home/superman/project/eggjs-demo/node_modules/_egg-logrotator@3.1.0@egg-logrotator/app/schedule/rotate_by_file.js
2019-10-30 13:42:43,775 INFO 11764 [egg-schedule]: register schedule /home/superman/project/eggjs-demo/node_modules/_egg-multipart@2.9.0@egg-multipart/app/schedule/clean_tmpdir.js
2019-10-30 13:42:43,775 INFO 11764 [egg-schedule]: register schedule /home/superman/project/eggjs-demo/node_modules/_egg-logrotator@3.1.0@egg-logrotator/app/schedule/clean_log.js
2019-10-30 13:42:43,775 INFO 11764 [egg-schedule]: register schedule /home/superman/project/eggjs-demo/node_modules/_egg-logrotator@3.1.0@egg-logrotator/app/schedule/rotate_by_file.js
2019-10-30 14:22:54,628 INFO 13110 [egg-schedule]: register schedule /home/superman/project/eggjs-demo/node_modules/_egg-multipart@2.9.0@egg-multipart/app/schedule/clean_tmpdir.js
2019-10-30 14:22:54,628 INFO 13110 [egg-schedule]: register schedule /home/superman/project/eggjs-demo/node_modules/_egg-logrotator@3.1.0@egg-logrotator/app/schedule/clean_log.js
2019-10-30 14:22:54,628 INFO 13110 [egg-schedule]: register schedule /home/superman/project/eggjs-demo/node_modules/_egg-logrotator@3.1.0@egg-logrotator/app/schedule/rotate_by_file.js
2019-10-30 14:22:55,241 INFO 13121 [egg-schedule]: register schedule /home/superman/project/eggjs-demo/node_modules/_egg-multipart@2.9.0@egg-multipart/app/schedule/clean_tmpdir.js
2019-10-30 14:22:55,241 INFO 13121 [egg-schedule]: register schedule /home/superman/project/eggjs-demo/node_modules/_egg-logrotator@3.1.0@egg-logrotator/app/schedule/clean_log.js
2019-10-30 14:22:55,241 INFO 13121 [egg-schedule]: register schedule /home/superman/project/eggjs-demo/node_modules/_egg-logrotator@3.1.0@egg-logrotator/app/schedule/rotate_by_file.js
2019-10-30 14:23:32,455 INFO 13145 [egg-schedule]: register schedule /home/superman/project/eggjs-demo/node_modules/_egg-multipart@2.9.0@egg-multipart/app/schedule/clean_tmpdir.js
2019-10-30 14:23:32,455 INFO 13145 [egg-schedule]: register schedule /home/superman/project/eggjs-demo/node_modules/_egg-logrotator@3.1.0@egg-logrotator/app/schedule/clean_log.js
2019-10-30 14:23:32,455 INFO 13145 [egg-schedule]: register schedule /home/superman/project/eggjs-demo/node_modules/_egg-logrotator@3.1.0@egg-logrotator/app/schedule/rotate_by_file.js
2019-10-30 14:23:33,237 INFO 13156 [egg-schedule]: register schedule /home/superman/project/eggjs-demo/node_modules/_egg-multipart@2.9.0@egg-multipart/app/schedule/clean_tmpdir.js
2019-10-30 14:23:33,237 INFO 13156 [egg-schedule]: register schedule /home/superman/project/eggjs-demo/node_modules/_egg-logrotator@3.1.0@egg-logrotator/app/schedule/clean_log.js
2019-10-30 14:23:33,237 INFO 13156 [egg-schedule]: register schedule /home/superman/project/eggjs-demo/node_modules/_egg-logrotator@3.1.0@egg-logrotator/app/schedule/rotate_by_file.js
2019-10-30 14:23:44,437 INFO 13223 [Timer] /home/superman/project/eggjs-demo/node_modules/_egg-multipart@2.9.0@egg-multipart/app/schedule/clean_tmpdir.js next time will execute after 50775567ms at 2019-10-31 04:30:00.003
2019-10-30 14:23:44,438 INFO 13223 [Timer] /home/superman/project/eggjs-demo/node_modules/_egg-logrotator@3.1.0@egg-logrotator/app/schedule/clean_log.js next time will execute after 34575563ms at 2019-10-31 00:00:00.001
2019-10-30 14:23:44,439 INFO 13223 [Timer] /home/superman/project/eggjs-demo/node_modules/_egg-logrotator@3.1.0@egg-logrotator/app/schedule/rotate_by_file.js next time will execute after 34576562ms at 2019-10-31 00:00:01.001
2019-10-30 14:23:44,234 INFO 13234 [egg-schedule]: register schedule /home/superman/project/eggjs-demo/node_modules/_egg-multipart@2.9.0@egg-multipart/app/schedule/clean_tmpdir.js
2019-10-30 14:23:44,234 INFO 13234 [egg-schedule]: register schedule /home/superman/project/eggjs-demo/node_modules/_egg-logrotator@3.1.0@egg-logrotator/app/schedule/clean_log.js
2019-10-30 14:23:44,234 INFO 13234 [egg-schedule]: register schedule /home/superman/project/eggjs-demo/node_modules/_egg-logrotator@3.1.0@egg-logrotator/app/schedule/rotate_by_file.js
2019-10-30 14:24:23,524 INFO 13262 [egg-schedule]: register schedule /home/superman/project/eggjs-demo/node_modules/_egg-multipart@2.9.0@egg-multipart/app/schedule/clean_tmpdir.js
2019-10-30 14:24:23,524 INFO 13262 [egg-schedule]: register schedule /home/superman/project/eggjs-demo/node_modules/_egg-logrotator@3.1.0@egg-logrotator/app/schedule/clean_log.js
2019-10-30 14:24:23,524 INFO 13262 [egg-schedule]: register schedule /home/superman/project/eggjs-demo/node_modules/_egg-logrotator@3.1.0@egg-logrotator/app/schedule/rotate_by_file.js
2019-10-30 14:24:31,214 INFO 13341 [Timer] /home/superman/project/eggjs-demo/node_modules/_egg-multipart@2.9.0@egg-multipart/app/schedule/clean_tmpdir.js next time will execute after 50728791ms at 2019-10-31 04:30:00.004
2019-10-30 14:24:31,214 INFO 13341 [Timer] /home/superman/project/eggjs-demo/node_modules/_egg-logrotator@3.1.0@egg-logrotator/app/schedule/clean_log.js next time will execute after 34528786ms at 2019-10-31 00:00:00.000
2019-10-30 14:24:31,215 INFO 13341 [Timer] /home/superman/project/eggjs-demo/node_modules/_egg-logrotator@3.1.0@egg-logrotator/app/schedule/rotate_by_file.js next time will execute after 34529786ms at 2019-10-31 00:00:01.001
2019-10-30 14:24:31,003 INFO 13354 [egg-schedule]: register schedule /home/superman/project/eggjs-demo/node_modules/_egg-multipart@2.9.0@egg-multipart/app/schedule/clean_tmpdir.js
2019-10-30 14:24:31,003 INFO 13354 [egg-schedule]: register schedule /home/superman/project/eggjs-demo/node_modules/_egg-logrotator@3.1.0@egg-logrotator/app/schedule/clean_log.js
2019-10-30 14:24:31,003 INFO 13354 [egg-schedule]: register schedule /home/superman/project/eggjs-demo/node_modules/_egg-logrotator@3.1.0@egg-logrotator/app/schedule/rotate_by_file.js
2019-10-30 14:26:38,700 INFO 13720 [egg-schedule]: register schedule /home/superman/project/eggjs-demo/node_modules/_egg-multipart@2.9.0@egg-multipart/app/schedule/clean_tmpdir.js
2019-10-30 14:26:38,700 INFO 13720 [egg-schedule]: register schedule /home/superman/project/eggjs-demo/node_modules/_egg-logrotator@3.1.0@egg-logrotator/app/schedule/clean_log.js
2019-10-30 14:26:38,700 INFO 13720 [egg-schedule]: register schedule /home/superman/project/eggjs-demo/node_modules/_egg-logrotator@3.1.0@egg-logrotator/app/schedule/rotate_by_file.js
2019-10-30 14:26:39,290 INFO 13731 [egg-schedule]: register schedule /home/superman/project/eggjs-demo/node_modules/_egg-multipart@2.9.0@egg-multipart/app/schedule/clean_tmpdir.js
2019-10-30 14:26:39,290 INFO 13731 [egg-schedule]: register schedule /home/superman/project/eggjs-demo/node_modules/_egg-logrotator@3.1.0@egg-logrotator/app/schedule/clean_log.js
2019-10-30 14:26:39,290 INFO 13731 [egg-schedule]: register schedule /home/superman/project/eggjs-demo/node_modules/_egg-logrotator@3.1.0@egg-logrotator/app/schedule/rotate_by_file.js
2019-10-30 14:26:42,072 INFO 13748 [egg-schedule]: register schedule /home/superman/project/eggjs-demo/node_modules/_egg-multipart@2.9.0@egg-multipart/app/schedule/clean_tmpdir.js
2019-10-30 14:26:42,072 INFO 13748 [egg-schedule]: register schedule /home/superman/project/eggjs-demo/node_modules/_egg-logrotator@3.1.0@egg-logrotator/app/schedule/clean_log.js
2019-10-30 14:26:42,072 INFO 13748 [egg-schedule]: register schedule /home/superman/project/eggjs-demo/node_modules/_egg-logrotator@3.1.0@egg-logrotator/app/schedule/rotate_by_file.js
2019-10-30 14:26:59,915 INFO 13824 [Timer] /home/superman/project/eggjs-demo/node_modules/_egg-multipart@2.9.0@egg-multipart/app/schedule/clean_tmpdir.js next time will execute after 50580090ms at 2019-10-31 04:30:00.005
2019-10-30 14:26:59,916 INFO 13824 [Timer] /home/superman/project/eggjs-demo/node_modules/_egg-logrotator@3.1.0@egg-logrotator/app/schedule/clean_log.js next time will execute after 34380084ms at 2019-10-31 00:00:00.000
2019-10-30 14:26:59,916 INFO 13824 [Timer] /home/superman/project/eggjs-demo/node_modules/_egg-logrotator@3.1.0@egg-logrotator/app/schedule/rotate_by_file.js next time will execute after 34381084ms at 2019-10-31 00:00:01.000
2019-10-30 14:26:59,711 INFO 13835 [egg-schedule]: register schedule /home/superman/project/eggjs-demo/node_modules/_egg-multipart@2.9.0@egg-multipart/app/schedule/clean_tmpdir.js
2019-10-30 14:26:59,711 INFO 13835 [egg-schedule]: register schedule /home/superman/project/eggjs-demo/node_modules/_egg-logrotator@3.1.0@egg-logrotator/app/schedule/clean_log.js
2019-10-30 14:26:59,711 INFO 13835 [egg-schedule]: register schedule /home/superman/project/eggjs-demo/node_modules/_egg-logrotator@3.1.0@egg-logrotator/app/schedule/rotate_by_file.js
2019-10-30 14:29:26,262 INFO 14071 [Timer] /home/superman/project/eggjs-demo/node_modules/_egg-multipart@2.9.0@egg-multipart/app/schedule/clean_tmpdir.js next time will execute after 50433741ms at 2019-10-31 04:30:00.003
2019-10-30 14:29:26,263 INFO 14071 [Timer] /home/superman/project/eggjs-demo/node_modules/_egg-logrotator@3.1.0@egg-logrotator/app/schedule/clean_log.js next time will execute after 34233737ms at 2019-10-31 00:00:00.000
2019-10-30 14:29:26,264 INFO 14071 [Timer] /home/superman/project/eggjs-demo/node_modules/_egg-logrotator@3.1.0@egg-logrotator/app/schedule/rotate_by_file.js next time will execute after 34234737ms at 2019-10-31 00:00:01.001
2019-10-30 14:29:26,061 INFO 14082 [egg-schedule]: register schedule /home/superman/project/eggjs-demo/node_modules/_egg-multipart@2.9.0@egg-multipart/app/schedule/clean_tmpdir.js
2019-10-30 14:29:26,061 INFO 14082 [egg-schedule]: register schedule /home/superman/project/eggjs-demo/node_modules/_egg-logrotator@3.1.0@egg-logrotator/app/schedule/clean_log.js
2019-10-30 14:29:26,061 INFO 14082 [egg-schedule]: register schedule /home/superman/project/eggjs-demo/node_modules/_egg-logrotator@3.1.0@egg-logrotator/app/schedule/rotate_by_file.js
2019-10-30 14:30:38,091 INFO 14267 [Timer] /home/superman/project/eggjs-demo/node_modules/_egg-multipart@2.9.0@egg-multipart/app/schedule/clean_tmpdir.js next time will execute after 50361911ms at 2019-10-31 04:30:00.002
2019-10-30 14:30:38,092 INFO 14267 [Timer] /home/superman/project/eggjs-demo/node_modules/_egg-logrotator@3.1.0@egg-logrotator/app/schedule/clean_log.js next time will execute after 34161908ms at 2019-10-31 00:00:00.000
2019-10-30 14:30:38,092 INFO 14267 [Timer] /home/superman/project/eggjs-demo/node_modules/_egg-logrotator@3.1.0@egg-logrotator/app/schedule/rotate_by_file.js next time will execute after 34162908ms at 2019-10-31 00:00:01.000
2019-10-30 14:30:37,831 INFO 14278 [egg-schedule]: register schedule /home/superman/project/eggjs-demo/node_modules/_egg-multipart@2.9.0@egg-multipart/app/schedule/clean_tmpdir.js
2019-10-30 14:30:37,831 INFO 14278 [egg-schedule]: register schedule /home/superman/project/eggjs-demo/node_modules/_egg-logrotator@3.1.0@egg-logrotator/app/schedule/clean_log.js
2019-10-30 14:30:37,831 INFO 14278 [egg-schedule]: register schedule /home/superman/project/eggjs-demo/node_modules/_egg-logrotator@3.1.0@egg-logrotator/app/schedule/rotate_by_file.js
2019-10-30 14:37:10,080 INFO 14457 [egg-schedule]: register schedule /home/superman/project/eggjs-demo/node_modules/_egg-multipart@2.9.0@egg-multipart/app/schedule/clean_tmpdir.js
2019-10-30 14:37:10,080 INFO 14457 [egg-schedule]: register schedule /home/superman/project/eggjs-demo/node_modules/_egg-logrotator@3.1.0@egg-logrotator/app/schedule/clean_log.js
2019-10-30 14:37:10,080 INFO 14457 [egg-schedule]: register schedule /home/superman/project/eggjs-demo/node_modules/_egg-logrotator@3.1.0@egg-logrotator/app/schedule/rotate_by_file.js
2019-10-30 14:37:10,719 INFO 14468 [egg-schedule]: register schedule /home/superman/project/eggjs-demo/node_modules/_egg-multipart@2.9.0@egg-multipart/app/schedule/clean_tmpdir.js
2019-10-30 14:37:10,719 INFO 14468 [egg-schedule]: register schedule /home/superman/project/eggjs-demo/node_modules/_egg-logrotator@3.1.0@egg-logrotator/app/schedule/clean_log.js
2019-10-30 14:37:10,719 INFO 14468 [egg-schedule]: register schedule /home/superman/project/eggjs-demo/node_modules/_egg-logrotator@3.1.0@egg-logrotator/app/schedule/rotate_by_file.js
2019-10-30 14:43:15,117 INFO 14681 [egg-schedule]: register schedule /home/superman/project/eggjs-demo/node_modules/_egg-multipart@2.9.0@egg-multipart/app/schedule/clean_tmpdir.js
2019-10-30 14:43:15,117 INFO 14681 [egg-schedule]: register schedule /home/superman/project/eggjs-demo/node_modules/_egg-logrotator@3.1.0@egg-logrotator/app/schedule/clean_log.js
2019-10-30 14:43:15,117 INFO 14681 [egg-schedule]: register schedule /home/superman/project/eggjs-demo/node_modules/_egg-logrotator@3.1.0@egg-logrotator/app/schedule/rotate_by_file.js
2019-10-30 14:43:15,700 INFO 14693 [egg-schedule]: register schedule /home/superman/project/eggjs-demo/node_modules/_egg-multipart@2.9.0@egg-multipart/app/schedule/clean_tmpdir.js
2019-10-30 14:43:15,700 INFO 14693 [egg-schedule]: register schedule /home/superman/project/eggjs-demo/node_modules/_egg-logrotator@3.1.0@egg-logrotator/app/schedule/clean_log.js
2019-10-30 14:43:15,700 INFO 14693 [egg-schedule]: register schedule /home/superman/project/eggjs-demo/node_modules/_egg-logrotator@3.1.0@egg-logrotator/app/schedule/rotate_by_file.js
2019-10-30 14:44:11,053 INFO 14729 [egg-schedule]: register schedule /home/superman/project/eggjs-demo/node_modules/_egg-multipart@2.9.0@egg-multipart/app/schedule/clean_tmpdir.js
2019-10-30 14:44:11,053 INFO 14729 [egg-schedule]: register schedule /home/superman/project/eggjs-demo/node_modules/_egg-logrotator@3.1.0@egg-logrotator/app/schedule/clean_log.js
2019-10-30 14:44:11,053 INFO 14729 [egg-schedule]: register schedule /home/superman/project/eggjs-demo/node_modules/_egg-logrotator@3.1.0@egg-logrotator/app/schedule/rotate_by_file.js
2019-10-30 14:44:11,736 INFO 14740 [egg-schedule]: register schedule /home/superman/project/eggjs-demo/node_modules/_egg-multipart@2.9.0@egg-multipart/app/schedule/clean_tmpdir.js
2019-10-30 14:44:11,736 INFO 14740 [egg-schedule]: register schedule /home/superman/project/eggjs-demo/node_modules/_egg-logrotator@3.1.0@egg-logrotator/app/schedule/clean_log.js
2019-10-30 14:44:11,736 INFO 14740 [egg-schedule]: register schedule /home/superman/project/eggjs-demo/node_modules/_egg-logrotator@3.1.0@egg-logrotator/app/schedule/rotate_by_file.js
2019-10-30 14:45:03,191 INFO 14778 [egg-schedule]: register schedule /home/superman/project/eggjs-demo/node_modules/_egg-multipart@2.9.0@egg-multipart/app/schedule/clean_tmpdir.js
2019-10-30 14:45:03,191 INFO 14778 [egg-schedule]: register schedule /home/superman/project/eggjs-demo/node_modules/_egg-logrotator@3.1.0@egg-logrotator/app/schedule/clean_log.js
2019-10-30 14:45:03,191 INFO 14778 [egg-schedule]: register schedule /home/superman/project/eggjs-demo/node_modules/_egg-logrotator@3.1.0@egg-logrotator/app/schedule/rotate_by_file.js
2019-10-30 14:45:03,973 INFO 14789 [egg-schedule]: register schedule /home/superman/project/eggjs-demo/node_modules/_egg-multipart@2.9.0@egg-multipart/app/schedule/clean_tmpdir.js
2019-10-30 14:45:03,973 INFO 14789 [egg-schedule]: register schedule /home/superman/project/eggjs-demo/node_modules/_egg-logrotator@3.1.0@egg-logrotator/app/schedule/clean_log.js
2019-10-30 14:45:03,973 INFO 14789 [egg-schedule]: register schedule /home/superman/project/eggjs-demo/node_modules/_egg-logrotator@3.1.0@egg-logrotator/app/schedule/rotate_by_file.js
2019-10-30 15:31:52,879 INFO 16381 [egg-schedule]: register schedule /home/superman/project/eggjs-demo/node_modules/_egg-multipart@2.9.0@egg-multipart/app/schedule/clean_tmpdir.js
2019-10-30 15:31:52,879 INFO 16381 [egg-schedule]: register schedule /home/superman/project/eggjs-demo/node_modules/_egg-logrotator@3.1.0@egg-logrotator/app/schedule/clean_log.js
2019-10-30 15:31:52,879 INFO 16381 [egg-schedule]: register schedule /home/superman/project/eggjs-demo/node_modules/_egg-logrotator@3.1.0@egg-logrotator/app/schedule/rotate_by_file.js
2019-10-30 15:31:53,612 INFO 16392 [egg-schedule]: register schedule /home/superman/project/eggjs-demo/node_modules/_egg-multipart@2.9.0@egg-multipart/app/schedule/clean_tmpdir.js
2019-10-30 15:31:53,612 INFO 16392 [egg-schedule]: register schedule /home/superman/project/eggjs-demo/node_modules/_egg-logrotator@3.1.0@egg-logrotator/app/schedule/clean_log.js
2019-10-30 15:31:53,612 INFO 16392 [egg-schedule]: register schedule /home/superman/project/eggjs-demo/node_modules/_egg-logrotator@3.1.0@egg-logrotator/app/schedule/rotate_by_file.js
2019-10-30 16:46:45,527 INFO 20038 [egg-schedule]: register schedule /home/superman/project/eggjs-demo/node_modules/_egg-multipart@2.9.0@egg-multipart/app/schedule/clean_tmpdir.js
2019-10-30 16:46:45,528 INFO 20038 [egg-schedule]: register schedule /home/superman/project/eggjs-demo/node_modules/_egg-logrotator@3.1.0@egg-logrotator/app/schedule/clean_log.js
2019-10-30 16:46:45,528 INFO 20038 [egg-schedule]: register schedule /home/superman/project/eggjs-demo/node_modules/_egg-logrotator@3.1.0@egg-logrotator/app/schedule/rotate_by_file.js
2019-10-30 16:46:46,552 INFO 20050 [egg-schedule]: register schedule /home/superman/project/eggjs-demo/node_modules/_egg-multipart@2.9.0@egg-multipart/app/schedule/clean_tmpdir.js
2019-10-30 16:46:46,552 INFO 20050 [egg-schedule]: register schedule /home/superman/project/eggjs-demo/node_modules/_egg-logrotator@3.1.0@egg-logrotator/app/schedule/clean_log.js
2019-10-30 16:46:46,552 INFO 20050 [egg-schedule]: register schedule /home/superman/project/eggjs-demo/node_modules/_egg-logrotator@3.1.0@egg-logrotator/app/schedule/rotate_by_file.js
2019-10-30 16:47:33,314 INFO 20078 [egg-schedule]: register schedule /home/superman/project/eggjs-demo/node_modules/_egg-multipart@2.9.0@egg-multipart/app/schedule/clean_tmpdir.js
2019-10-30 16:47:33,314 INFO 20078 [egg-schedule]: register schedule /home/superman/project/eggjs-demo/node_modules/_egg-logrotator@3.1.0@egg-logrotator/app/schedule/clean_log.js
2019-10-30 16:47:33,314 INFO 20078 [egg-schedule]: register schedule /home/superman/project/eggjs-demo/node_modules/_egg-logrotator@3.1.0@egg-logrotator/app/schedule/rotate_by_file.js
2019-10-30 16:47:34,123 INFO 20089 [egg-schedule]: register schedule /home/superman/project/eggjs-demo/node_modules/_egg-multipart@2.9.0@egg-multipart/app/schedule/clean_tmpdir.js
2019-10-30 16:47:34,123 INFO 20089 [egg-schedule]: register schedule /home/superman/project/eggjs-demo/node_modules/_egg-logrotator@3.1.0@egg-logrotator/app/schedule/clean_log.js
2019-10-30 16:47:34,123 INFO 20089 [egg-schedule]: register schedule /home/superman/project/eggjs-demo/node_modules/_egg-logrotator@3.1.0@egg-logrotator/app/schedule/rotate_by_file.js
2019-10-30 16:58:01,589 INFO 20483 [egg-schedule]: register schedule /home/superman/project/eggjs-demo/node_modules/_egg-multipart@2.9.0@egg-multipart/app/schedule/clean_tmpdir.js
2019-10-30 16:58:01,589 INFO 20483 [egg-schedule]: register schedule /home/superman/project/eggjs-demo/node_modules/_egg-logrotator@3.1.0@egg-logrotator/app/schedule/clean_log.js
2019-10-30 16:58:01,589 INFO 20483 [egg-schedule]: register schedule /home/superman/project/eggjs-demo/node_modules/_egg-logrotator@3.1.0@egg-logrotator/app/schedule/rotate_by_file.js
2019-10-30 16:58:02,160 INFO 20494 [egg-schedule]: register schedule /home/superman/project/eggjs-demo/node_modules/_egg-multipart@2.9.0@egg-multipart/app/schedule/clean_tmpdir.js
2019-10-30 16:58:02,160 INFO 20494 [egg-schedule]: register schedule /home/superman/project/eggjs-demo/node_modules/_egg-logrotator@3.1.0@egg-logrotator/app/schedule/clean_log.js
2019-10-30 16:58:02,160 INFO 20494 [egg-schedule]: register schedule /home/superman/project/eggjs-demo/node_modules/_egg-logrotator@3.1.0@egg-logrotator/app/schedule/rotate_by_file.js
2019-10-30 16:58:51,573 INFO 20543 [egg-schedule]: register schedule /home/superman/project/eggjs-demo/node_modules/_egg-multipart@2.9.0@egg-multipart/app/schedule/clean_tmpdir.js
2019-10-30 16:58:51,573 INFO 20543 [egg-schedule]: register schedule /home/superman/project/eggjs-demo/node_modules/_egg-logrotator@3.1.0@egg-logrotator/app/schedule/clean_log.js
2019-10-30 16:58:51,573 INFO 20543 [egg-schedule]: register schedule /home/superman/project/eggjs-demo/node_modules/_egg-logrotator@3.1.0@egg-logrotator/app/schedule/rotate_by_file.js
2019-10-30 17:17:12,606 INFO 21179 [egg-schedule]: register schedule /home/superman/project/eggjs-demo/node_modules/_egg-multipart@2.9.0@egg-multipart/app/schedule/clean_tmpdir.js
2019-10-30 17:17:12,606 INFO 21179 [egg-schedule]: register schedule /home/superman/project/eggjs-demo/node_modules/_egg-logrotator@3.1.0@egg-logrotator/app/schedule/clean_log.js
2019-10-30 17:17:12,606 INFO 21179 [egg-schedule]: register schedule /home/superman/project/eggjs-demo/node_modules/_egg-logrotator@3.1.0@egg-logrotator/app/schedule/rotate_by_file.js
2019-10-30 17:17:13,229 INFO 21190 [egg-schedule]: register schedule /home/superman/project/eggjs-demo/node_modules/_egg-multipart@2.9.0@egg-multipart/app/schedule/clean_tmpdir.js
2019-10-30 17:17:13,229 INFO 21190 [egg-schedule]: register schedule /home/superman/project/eggjs-demo/node_modules/_egg-logrotator@3.1.0@egg-logrotator/app/schedule/clean_log.js
2019-10-30 17:17:13,229 INFO 21190 [egg-schedule]: register schedule /home/superman/project/eggjs-demo/node_modules/_egg-logrotator@3.1.0@egg-logrotator/app/schedule/rotate_by_file.js
2019-10-30 17:17:42,085 INFO 21217 [egg-schedule]: register schedule /home/superman/project/eggjs-demo/node_modules/_egg-multipart@2.9.0@egg-multipart/app/schedule/clean_tmpdir.js
2019-10-30 17:17:42,085 INFO 21217 [egg-schedule]: register schedule /home/superman/project/eggjs-demo/node_modules/_egg-logrotator@3.1.0@egg-logrotator/app/schedule/clean_log.js
2019-10-30 17:17:42,085 INFO 21217 [egg-schedule]: register schedule /home/superman/project/eggjs-demo/node_modules/_egg-logrotator@3.1.0@egg-logrotator/app/schedule/rotate_by_file.js
2019-10-30 17:17:42,707 INFO 21228 [egg-schedule]: register schedule /home/superman/project/eggjs-demo/node_modules/_egg-multipart@2.9.0@egg-multipart/app/schedule/clean_tmpdir.js
2019-10-30 17:17:42,707 INFO 21228 [egg-schedule]: register schedule /home/superman/project/eggjs-demo/node_modules/_egg-logrotator@3.1.0@egg-logrotator/app/schedule/clean_log.js
2019-10-30 17:17:42,707 INFO 21228 [egg-schedule]: register schedule /home/superman/project/eggjs-demo/node_modules/_egg-logrotator@3.1.0@egg-logrotator/app/schedule/rotate_by_file.js
2019-10-30 17:40:25,367 INFO 21872 [egg-schedule]: register schedule /home/superman/project/eggjs-demo/node_modules/_egg-multipart@2.9.0@egg-multipart/app/schedule/clean_tmpdir.js
2019-10-30 17:40:25,367 INFO 21872 [egg-schedule]: register schedule /home/superman/project/eggjs-demo/node_modules/_egg-logrotator@3.1.0@egg-logrotator/app/schedule/clean_log.js
2019-10-30 17:40:25,367 INFO 21872 [egg-schedule]: register schedule /home/superman/project/eggjs-demo/node_modules/_egg-logrotator@3.1.0@egg-logrotator/app/schedule/rotate_by_file.js
2019-10-30 17:40:26,153 INFO 21884 [egg-schedule]: register schedule /home/superman/project/eggjs-demo/node_modules/_egg-multipart@2.9.0@egg-multipart/app/schedule/clean_tmpdir.js
2019-10-30 17:40:26,154 INFO 21884 [egg-schedule]: register schedule /home/superman/project/eggjs-demo/node_modules/_egg-logrotator@3.1.0@egg-logrotator/app/schedule/clean_log.js
2019-10-30 17:40:26,154 INFO 21884 [egg-schedule]: register schedule /home/superman/project/eggjs-demo/node_modules/_egg-logrotator@3.1.0@egg-logrotator/app/schedule/rotate_by_file.js
2019-10-31 11:20:06,882 INFO 4689 [Timer] /home/superman/project/eggjs-demo/node_modules/_egg-multipart@2.9.0@egg-multipart/app/schedule/clean_tmpdir.js next time will execute after 61793120ms at 2019-11-01 04:30:00.002
2019-10-31 11:20:06,882 INFO 4689 [Timer] /home/superman/project/eggjs-demo/node_modules/_egg-logrotator@3.1.0@egg-logrotator/app/schedule/clean_log.js next time will execute after 45593118ms at 2019-11-01 00:00:00.000
2019-10-31 11:20:06,882 INFO 4689 [Timer] /home/superman/project/eggjs-demo/node_modules/_egg-logrotator@3.1.0@egg-logrotator/app/schedule/rotate_by_file.js next time will execute after 45594118ms at 2019-11-01 00:00:01.000
2019-10-31 11:20:06,649 INFO 4701 [egg-schedule]: register schedule /home/superman/project/eggjs-demo/node_modules/_egg-multipart@2.9.0@egg-multipart/app/schedule/clean_tmpdir.js
2019-10-31 11:20:06,649 INFO 4701 [egg-schedule]: register schedule /home/superman/project/eggjs-demo/node_modules/_egg-logrotator@3.1.0@egg-logrotator/app/schedule/clean_log.js
2019-10-31 11:20:06,649 INFO 4701 [egg-schedule]: register schedule /home/superman/project/eggjs-demo/node_modules/_egg-logrotator@3.1.0@egg-logrotator/app/schedule/rotate_by_file.js
2019-11-05 18:40:51,188 INFO 20180 [egg-schedule]: register schedule /home/superman/project/eggjs-demo/node_modules/_egg-multipart@2.9.0@egg-multipart/app/schedule/clean_tmpdir.js
2019-11-05 18:40:51,188 INFO 20180 [egg-schedule]: register schedule /home/superman/project/eggjs-demo/node_modules/_egg-logrotator@3.1.0@egg-logrotator/app/schedule/clean_log.js
2019-11-05 18:40:51,188 INFO 20180 [egg-schedule]: register schedule /home/superman/project/eggjs-demo/node_modules/_egg-logrotator@3.1.0@egg-logrotator/app/schedule/rotate_by_file.js
2019-11-05 18:40:51,432 INFO 20168 [Timer] /home/superman/project/eggjs-demo/node_modules/_egg-multipart@2.9.0@egg-multipart/app/schedule/clean_tmpdir.js next time will execute after 35348570ms at 2019-11-06 04:30:00.002
2019-11-05 18:40:51,432 INFO 20168 [Timer] /home/superman/project/eggjs-demo/node_modules/_egg-logrotator@3.1.0@egg-logrotator/app/schedule/clean_log.js next time will execute after 19148568ms at 2019-11-06 00:00:00.000
2019-11-05 18:40:51,432 INFO 20168 [Timer] /home/superman/project/eggjs-demo/node_modules/_egg-logrotator@3.1.0@egg-logrotator/app/schedule/rotate_by_file.js next time will execute after 19149568ms at 2019-11-06 00:00:01.000
2019-11-06 12:07:24,391 INFO 6322 [Timer] /home/superman/project/eggjs-demo/node_modules/_egg-multipart@2.9.0@egg-multipart/app/schedule/clean_tmpdir.js next time will execute after 58955611ms at 2019-11-07 04:30:00.002
2019-11-06 12:07:24,391 INFO 6322 [Timer] /home/superman/project/eggjs-demo/node_modules/_egg-logrotator@3.1.0@egg-logrotator/app/schedule/clean_log.js next time will execute after 42755609ms at 2019-11-07 00:00:00.000
2019-11-06 12:07:24,391 INFO 6322 [Timer] /home/superman/project/eggjs-demo/node_modules/_egg-logrotator@3.1.0@egg-logrotator/app/schedule/rotate_by_file.js next time will execute after 42756609ms at 2019-11-07 00:00:01.000
2019-11-06 12:07:24,109 INFO 6334 [egg-schedule]: register schedule /home/superman/project/eggjs-demo/node_modules/_egg-multipart@2.9.0@egg-multipart/app/schedule/clean_tmpdir.js
2019-11-06 12:07:24,109 INFO 6334 [egg-schedule]: register schedule /home/superman/project/eggjs-demo/node_modules/_egg-logrotator@3.1.0@egg-logrotator/app/schedule/clean_log.js
2019-11-06 12:07:24,109 INFO 6334 [egg-schedule]: register schedule /home/superman/project/eggjs-demo/node_modules/_egg-logrotator@3.1.0@egg-logrotator/app/schedule/rotate_by_file.js
